This is pdfTeX, Version 3.141592653-2.6-1.40.25 (MiKTeX 24.1) (preloaded format=pdflatex 2024.6.23)  8 DEC 2024 12:48
entering extended mode
 restricted \write18 enabled.
 file:line:error style messages enabled.
 %&-line parsing enabled.
**c:/Users/clash/OneDrive/Escritorio/InformeTempladoSimulado/Informe/informefinal.tex
(c:/Users/clash/OneDrive/Escritorio/InformeTempladoSimulado/Informe/informefinal.tex
LaTeX2e <2023-11-01> patch level 1
L3 programming layer <2024-01-04>
(C:\Users\clash\AppData\Local\Programs\MiKTeX1\tex/latex/base\article.cls
Document Class: article 2023/05/17 v1.4n Standard LaTeX document class
(C:\Users\clash\AppData\Local\Programs\MiKTeX1\tex/latex/base\size10.clo
File: size10.clo 2023/05/17 v1.4n Standard LaTeX file (size option)
)
\c@part=\count187
\c@section=\count188
\c@subsection=\count189
\c@subsubsection=\count190
\c@paragraph=\count191
\c@subparagraph=\count192
\c@figure=\count193
\c@table=\count194
\abovecaptionskip=\skip48
\belowcaptionskip=\skip49
\bibindent=\dimen140
) (C:\Users\clash\AppData\Local\Programs\MiKTeX1\tex/latex/base\inputenc.sty
Package: inputenc 2021/02/14 v1.3d Input encoding file
\inpenc@prehook=\toks17
\inpenc@posthook=\toks18
) (C:\Users\clash\AppData\Local\Programs\MiKTeX1\tex/latex/base\fontenc.sty
Package: fontenc 2021/04/29 v2.0v Standard LaTeX package
) (C:\Users\clash\AppData\Local\Programs\MiKTeX1\tex/latex/tocbibind\tocbibind.sty
Package: tocbibind 2010/10/13 v1.5k extra ToC listings
Package tocbibind Info: The document has section divisions on input line 50.


Package tocbibind Note: Using section or other style headings.

) (C:\Users\clash\AppData\Local\Programs\MiKTeX1\tex/latex/listings\listings.sty (C:\Users\clash\AppData\Local\Programs\MiKTeX1\tex/latex/graphics\keyval.sty
Package: keyval 2022/05/29 v1.15 key=value parser (DPC)
\KV@toks@=\toks19
)
\lst@mode=\count195
\lst@gtempboxa=\box51
\lst@token=\toks20
\lst@length=\count196
\lst@currlwidth=\dimen141
\lst@column=\count197
\lst@pos=\count198
\lst@lostspace=\dimen142
\lst@width=\dimen143
\lst@newlines=\count199
\lst@lineno=\count266
\lst@maxwidth=\dimen144
 (C:\Users\clash\AppData\Local\Programs\MiKTeX1\tex/latex/listings\lstmisc.sty
File: lstmisc.sty 2023/02/27 1.9 (Carsten Heinz)
\c@lstnumber=\count267
\lst@skipnumbers=\count268
\lst@framebox=\box52
) (C:\Users\clash\AppData\Local\Programs\MiKTeX1\tex/latex/listings\listings.cfg
File: listings.cfg 2023/02/27 1.9 listings configuration
))
Package: listings 2023/02/27 1.9 (Carsten Heinz)
 (C:\Users\clash\AppData\Local\Programs\MiKTeX1\tex/latex/xcolor\xcolor.sty
Package: xcolor 2023/11/15 v3.01 LaTeX color extensions (UK)
 (C:\Users\clash\AppData\Local\Programs\MiKTeX1\tex/latex/graphics-cfg\color.cfg
File: color.cfg 2016/01/02 v1.6 sample color configuration
)
Package xcolor Info: Driver file: pdftex.def on input line 274.
 (C:\Users\clash\AppData\Local\Programs\MiKTeX1\tex/latex/graphics-def\pdftex.def
File: pdftex.def 2022/09/22 v1.2b Graphics/color driver for pdftex
) (C:\Users\clash\AppData\Local\Programs\MiKTeX1\tex/latex/graphics\mathcolor.ltx)
Package xcolor Info: Model `cmy' substituted by `cmy0' on input line 1350.
Package xcolor Info: Model `hsb' substituted by `rgb' on input line 1354.
Package xcolor Info: Model `RGB' extended on input line 1366.
Package xcolor Info: Model `HTML' substituted by `rgb' on input line 1368.
Package xcolor Info: Model `Hsb' substituted by `hsb' on input line 1369.
Package xcolor Info: Model `tHsb' substituted by `hsb' on input line 1370.
Package xcolor Info: Model `HSB' substituted by `hsb' on input line 1371.
Package xcolor Info: Model `Gray' substituted by `gray' on input line 1372.
Package xcolor Info: Model `wave' substituted by `hsb' on input line 1373.
) (C:\Users\clash\AppData\Local\Programs\MiKTeX1\tex/latex/l3backend\l3backend-pdftex.def
File: l3backend-pdftex.def 2024-01-04 L3 backend support: PDF output (pdfTeX)
\l__color_backend_stack_int=\count269
\l__pdf_internal_box=\box53
) (c:\Users\clash\OneDrive\Escritorio\InformeTempladoSimulado\Informe\build\informefinal.aux)
\openout1 = `informefinal.aux'.

LaTeX Font Info:    Checking defaults for OML/cmm/m/it on input line 8.
LaTeX Font Info:    ... okay on input line 8.
LaTeX Font Info:    Checking defaults for OMS/cmsy/m/n on input line 8.
LaTeX Font Info:    ... okay on input line 8.
LaTeX Font Info:    Checking defaults for OT1/cmr/m/n on input line 8.
LaTeX Font Info:    ... okay on input line 8.
LaTeX Font Info:    Checking defaults for T1/cmr/m/n on input line 8.
LaTeX Font Info:    ... okay on input line 8.
LaTeX Font Info:    Checking defaults for TS1/cmr/m/n on input line 8.
LaTeX Font Info:    ... okay on input line 8.
LaTeX Font Info:    Checking defaults for OMX/cmex/m/n on input line 8.
LaTeX Font Info:    ... okay on input line 8.
LaTeX Font Info:    Checking defaults for U/cmr/m/n on input line 8.
LaTeX Font Info:    ... okay on input line 8.
\c@lstlisting=\count270
 (C:\Users\clash\AppData\Local\Programs\MiKTeX1\tex/context/base/mkii\supp-pdf.mkii
[Loading MPS to PDF converter (version 2006.09.02).]
\scratchcounter=\count271
\scratchdimen=\dimen145
\scratchbox=\box54
\nofMPsegments=\count272
\nofMParguments=\count273
\everyMPshowfont=\toks21
\MPscratchCnt=\count274
\MPscratchDim=\dimen146
\MPnumerator=\count275
\makeMPintoPDFobject=\count276
\everyMPtoPDFconversion=\toks22
)
LaTeX Font Info:    External font `cmex10' loaded for size
(Font)              <12> on input line 33.
LaTeX Font Info:    External font `cmex10' loaded for size
(Font)              <8> on input line 33.
LaTeX Font Info:    External font `cmex10' loaded for size
(Font)              <6> on input line 33.


LaTeX Warning: No \author given.

[1

{C:/Users/clash/AppData/Local/MiKTeX/fonts/map/pdftex/pdftex.map}] (c:\Users\clash\OneDrive\Escritorio\InformeTempladoSimulado\Informe\build\informefinal.toc
LaTeX Font Info:    External font `cmex10' loaded for size
(Font)              <7> on input line 6.
LaTeX Font Info:    External font `cmex10' loaded for size
(Font)              <5> on input line 6.
)
\tf@toc=\write3
\openout3 = `informefinal.toc'.

 [2] [3] (C:\Users\clash\AppData\Local\Programs\MiKTeX1\tex/latex/listings\lstlang1.sty
File: lstlang1.sty 2023/02/27 1.9 listings language file
)
LaTeX Font Info:    Trying to load font information for T1+cmtt on input line 103.
 (C:\Users\clash\AppData\Local\Programs\MiKTeX1\tex/latex/base\t1cmtt.fd
File: t1cmtt.fd 2023/04/13 v2.5m Standard LaTeX font definitions
) [4]
Overfull \hbox (7.12772pt too wide) in paragraph at lines 166--166
[]\T1/cmr/bx/n/12 El Prob-lema del Vi-a-jante de Com-er-cio (Trav-el-ing Sales-
 []

[5] [6] [7] (c:\Users\clash\OneDrive\Escritorio\InformeTempladoSimulado\Informe\build\informefinal.aux)
 ***********
LaTeX2e <2023-11-01> patch level 1
L3 programming layer <2024-01-04>
 ***********
 ) 
Here is how much of TeX's memory you used:
 3666 strings out of 474486
 53191 string characters out of 5743286
 2099542 words of memory out of 5000000
 25959 multiletter control sequences out of 15000+600000
 569026 words of font info for 58 fonts, out of 8000000 for 9000
 1141 hyphenation exceptions out of 8191
 42i,6n,51p,512b,1783s stack positions out of 10000i,1000n,20000p,200000b,200000s
 <C:\Users\clash\AppData\Local\MiKTeX\fonts/pk/ljfour/jknappen/ec/dpi600\ectt0800.pk> <C:\Users\clash\AppData\Local\MiKTeX\fonts/pk/ljfour/jknappen/ec/dpi600\ecrm0500.pk> <C:\Users\clash\AppData\Local\MiKTeX\fonts/pk/ljfour/jknappen/ec/dpi600\ecbx1200.pk> <C:\Users\clash\AppData\Local\MiKTeX\fonts/pk/ljfour/jknappen/ec/dpi600\tcrm1000.pk> <C:\Users\clash\AppData\Local\MiKTeX\fonts/pk/ljfour/jknappen/ec/dpi600\ecbx1000.pk> <C:\Users\clash\AppData\Local\MiKTeX\fonts/pk/ljfour/jknappen/ec/dpi600\ecbx1440.pk> <C:\Users\clash\AppData\Local\MiKTeX\fonts/pk/ljfour/jknappen/ec/dpi600\ecrm1000.pk> <C:\Users\clash\AppData\Local\MiKTeX\fonts/pk/ljfour/jknappen/ec/dpi600\tcrm1728.pk> <C:\Users\clash\AppData\Local\MiKTeX\fonts/pk/ljfour/jknappen/ec/dpi600\ecrm1728.pk><C:/Users/clash/AppData/Local/Programs/MiKTeX1/fonts/type1/public/amsfonts/cm/cmex10.pfb><C:/Users/clash/AppData/Local/Programs/MiKTeX1/fonts/type1/public/amsfonts/cm/cmmi10.pfb><C:/Users/clash/AppData/Local/Programs/MiKTeX1/fonts/type1/public/amsfonts/cm/cmmi7.pfb><C:/Users/clash/AppData/Local/Programs/MiKTeX1/fonts/type1/public/amsfonts/cm/cmr10.pfb><C:/Users/clash/AppData/Local/Programs/MiKTeX1/fonts/type1/public/amsfonts/cm/cmr7.pfb><C:/Users/clash/AppData/Local/Programs/MiKTeX1/fonts/type1/public/amsfonts/cm/cmsy10.pfb><C:/Users/clash/AppData/Local/Programs/MiKTeX1/fonts/type1/public/amsfonts/cm/cmsy7.pfb>
Output written on c:\Users\clash\OneDrive\Escritorio\InformeTempladoSimulado\Informe\build\informefinal.pdf (7 pages, 187778 bytes).
PDF statistics:
 394 PDF objects out of 1000 (max. 8388607)
 0 named destinations out of 1000 (max. 500000)
 1 words of extra memory for PDF output out of 10000 (max. 10000000)

